nohup: ignoring input
Model Name: DNN-2
Dataset: Reduced Subset 1: PCstart, PArise, PFstart
Training Method: L1 Reg+Early Stopping
Batch Normalization: No

Model: "sequential"
_________________________________________________________________
 Layer (type)                Output Shape              Param #   
=================================================================
 dense (Dense)               (None, 19)                76        
                                                                 
 leaky_re_lu (LeakyReLU)     (None, 19)                0         
                                                                 
 dense_1 (Dense)             (None, 32)                640       
                                                                 
 leaky_re_lu_1 (LeakyReLU)   (None, 32)                0         
                                                                 
 dense_2 (Dense)             (None, 32)                1056      
                                                                 
 leaky_re_lu_2 (LeakyReLU)   (None, 32)                0         
                                                                 
 dense_3 (Dense)             (None, 1)                 33        
                                                                 
=================================================================
Total params: 1,805
Trainable params: 1,805
Non-trainable params: 0
_________________________________________________________________
None

1.625190019607544 1.6327836513519287 1.3836021423339844
1.7607605457305908 1.763511300086975 1.6987662315368652
1.586827278137207 1.6057004928588867 1.4849514961242676
1.69454026222229 1.7036305665969849 1.5099223852157593
1.7277418375015259 1.7259862422943115 1.472774624824524
1.770734190940857 1.7694450616836548 1.3485547304153442
1.6965998411178589 1.7090108394622803 1.6612365245819092
1.669984221458435 1.6738008260726929 1.6198447942733765
1.6670684814453125 1.6708019971847534 1.3609594106674194
1.7916655540466309 1.8030773401260376 1.6484376192092896
1.7256795167922974 1.735548734664917 1.578975796699524
1.7210432291030884 1.722773551940918 1.8383824825286865
1.7132315635681152 1.7234227657318115 1.5908691883087158
1.6653507947921753 1.667684555053711 1.2898057699203491
1.8770407438278198 1.8714712858200073 1.5376917123794556
1.7722715139389038 1.772202968597412 1.4475950002670288
1.8786590099334717 1.8874026536941528 1.5667402744293213
1.7092851400375366 1.7250525951385498 1.5907249450683594
1.7157931327819824 1.7251235246658325 1.5019190311431885
1.728626012802124 1.7278831005096436 1.811664342880249
1.7215114831924438 1.7189252376556396 1.3544930219650269
1.818190574645996 1.8269836902618408 1.8250441551208496
1.8300230503082275 1.8251205682754517 1.4034595489501953
1.7682462930679321 1.7790510654449463 1.6423741579055786
1.6715692281723022 1.6822640895843506 1.5781497955322266
1.695502519607544 1.7118240594863892 1.6455110311508179
1.7427442073822021 1.7416019439697266 1.3265292644500732
1.8021981716156006 1.8139890432357788 1.5821377038955688
1.8013970851898193 1.794778823852539 1.527033805847168
1.7237697839736938 1.7252197265625 1.695279598236084
1.6984747648239136 1.6975480318069458 1.3199100494384766
1.7859070301055908 1.785330891609192 1.2706373929977417
1.688612699508667 1.6906040906906128 1.343473196029663
1.7354108095169067 1.7393320798873901 1.6319555044174194
1.7270461320877075 1.7337799072265625 1.634480357170105
1.6901484727859497 1.6974841356277466 1.5596646070480347
1.6654117107391357 1.6663192510604858 1.470705509185791
1.7127032279968262 1.7186986207962036 1.595609426498413
1.7530639171600342 1.7585734128952026 1.6222573518753052
1.85710608959198 1.8646161556243896 1.7363053560256958
1.8137891292572021 1.8194568157196045 1.4801654815673828
1.7458226680755615 1.7642433643341064 1.688220739364624
1.7705700397491455 1.7705096006393433 1.3540756702423096
1.6563096046447754 1.6642794609069824 1.518245816230774
1.7835766077041626 1.790453314781189 1.5760900974273682
1.83908212184906 1.8530254364013672 1.5332640409469604
1.7040213346481323 1.7114849090576172 1.5543502569198608
1.8653839826583862 1.8713916540145874 1.9859349727630615
1.7546311616897583 1.7641583681106567 1.6438060998916626
1.6767390966415405 1.6734123229980469 1.5132699012756348
