nohup: ignoring input
Model Name: DNN-2
Dataset: Reduced
Training Method: L1 Reg+Early Stopping
Batch Normalization: Yes

Model: "sequential"
_________________________________________________________________
 Layer (type)                Output Shape              Param #   
=================================================================
 dense (Dense)               (None, 19)                380       
                                                                 
 batch_normalization (BatchN  (None, 19)               76        
 ormalization)                                                   
                                                                 
 leaky_re_lu (LeakyReLU)     (None, 19)                0         
                                                                 
 dense_1 (Dense)             (None, 32)                640       
                                                                 
 batch_normalization_1 (Batc  (None, 32)               128       
 hNormalization)                                                 
                                                                 
 leaky_re_lu_1 (LeakyReLU)   (None, 32)                0         
                                                                 
 dense_2 (Dense)             (None, 32)                1056      
                                                                 
 batch_normalization_2 (Batc  (None, 32)               128       
 hNormalization)                                                 
                                                                 
 leaky_re_lu_2 (LeakyReLU)   (None, 32)                0         
                                                                 
 dense_3 (Dense)             (None, 1)                 33        
                                                                 
=================================================================
Total params: 2,441
Trainable params: 2,275
Non-trainable params: 166
_________________________________________________________________
None

2.4165031909942627 2.4297337532043457 4.177476406097412
3.4398083686828613 3.441561460494995 5.43438720703125
3.7418127059936523 3.734098196029663 5.701061725616455
4.825525760650635 4.824185848236084 5.841129302978516
3.3983347415924072 3.407015323638916 5.2746710777282715
3.486980438232422 3.4961373805999756 5.2123236656188965
3.0087974071502686 3.042015314102173 4.9998369216918945
4.141565799713135 4.134346961975098 5.1527605056762695
2.8225491046905518 2.8315253257751465 5.160475254058838
4.086548805236816 4.071203231811523 6.363255023956299
3.0819714069366455 3.0835702419281006 5.010664463043213
4.507114410400391 4.476841449737549 5.865985870361328
3.3225178718566895 3.3057501316070557 5.497597694396973
3.1596851348876953 3.1989612579345703 4.94024133682251
3.166010618209839 3.157576322555542 4.78740930557251
3.5562942028045654 3.545090436935425 4.84179162979126
3.290699005126953 3.288173198699951 5.119143486022949
4.003208637237549 4.002006530761719 5.2488884925842285
3.7924423217773438 3.81270170211792 6.405917644500732
2.6576740741729736 2.653775691986084 5.383953094482422
5.454737663269043 5.462433338165283 7.243680477142334
3.4926090240478516 3.4869916439056396 5.534958362579346
3.7678720951080322 3.781203269958496 6.212018966674805
3.784029483795166 3.788241386413574 4.761059761047363
3.3318212032318115 3.3447306156158447 5.876333713531494
4.104748725891113 4.112269401550293 6.497870922088623
3.2415380477905273 3.253558874130249 4.7219133377075195
2.24666428565979 2.259916067123413 5.479111671447754
3.8309552669525146 3.833285331726074 5.2834272384643555
2.7492403984069824 2.7684590816497803 4.346478462219238
3.0739855766296387 3.083420515060425 5.3595871925354
3.5505096912384033 3.5724802017211914 5.643864154815674
3.678982734680176 3.6746163368225098 5.011548042297363
4.675517559051514 4.686471462249756 6.935513019561768
3.102034330368042 3.106590986251831 4.863734722137451
4.095815181732178 4.116941928863525 6.397642135620117
3.402543783187866 3.400688409805298 5.404760360717773
3.4375836849212646 3.4528658390045166 4.919250011444092
2.9645884037017822 2.9449949264526367 4.437862873077393
3.0905511379241943 3.121105909347534 4.939271450042725
2.801165819168091 2.81948184967041 5.144265651702881
3.3561816215515137 3.3595008850097656 5.908651351928711
3.5104587078094482 3.5298871994018555 5.021734714508057
3.9973535537719727 4.005704879760742 5.841091156005859
3.310962200164795 3.316279888153076 5.586215019226074
2.497559070587158 2.5183348655700684 4.906390190124512
3.2397212982177734 3.219665050506592 4.984305381774902
3.6527299880981445 3.651974678039551 4.797130107879639
3.4422175884246826 3.443081855773926 5.450601577758789
2.8122265338897705 2.8263587951660156 5.98930025100708
