nohup: ignoring input
Model Name: CNN
Dataset: FullNPA
Training Method: L1 Reg+Early Stopping
Batch Normalization: No

Model: "sequential"
_________________________________________________________________
 Layer (type)                Output Shape              Param #   
=================================================================
 conv1d (Conv1D)             (None, 5, 80)             1360      
                                                                 
 leaky_re_lu (LeakyReLU)     (None, 5, 80)             0         
                                                                 
 gru (GRU)                   (None, 5, 100)            54600     
                                                                 
 leaky_re_lu_1 (LeakyReLU)   (None, 5, 100)            0         
                                                                 
 dense (Dense)               (None, 5, 50)             5050      
                                                                 
 leaky_re_lu_2 (LeakyReLU)   (None, 5, 50)             0         
                                                                 
 dense_1 (Dense)             (None, 5, 25)             1275      
                                                                 
 leaky_re_lu_3 (LeakyReLU)   (None, 5, 25)             0         
                                                                 
 dense_2 (Dense)             (None, 5, 10)             260       
                                                                 
 leaky_re_lu_4 (LeakyReLU)   (None, 5, 10)             0         
                                                                 
 dense_3 (Dense)             (None, 5, 1)              11        
                                                                 
=================================================================
Total params: 62,556
Trainable params: 62,556
Non-trainable params: 0
_________________________________________________________________
None

1.3309977054595947 1.3177099227905273 1.9562102556228638
1.1639394760131836 1.1728211641311646 2.5543642044067383
1.1454858779907227 1.152299165725708 1.8923771381378174
1.100484013557434 1.1050519943237305 2.2005505561828613
1.1005194187164307 1.1677610874176025 3.005032777786255
1.3231086730957031 1.3473423719406128 2.8774752616882324
1.1541649103164673 1.1815848350524902 2.7943336963653564
1.2552052736282349 1.2801026105880737 2.099987030029297
1.328031301498413 1.3343796730041504 2.678359270095825
1.5971380472183228 1.5829180479049683 2.438385009765625
1.5361130237579346 1.537682056427002 3.266435384750366
1.0415722131729126 1.050595760345459 2.4886415004730225
1.2258703708648682 1.2424768209457397 3.1254055500030518
1.1637934446334839 1.1965208053588867 3.429658889770508
1.1592603921890259 1.1388880014419556 2.83779239654541
1.3714675903320312 1.374008297920227 2.2994799613952637
1.3760724067687988 1.3900587558746338 3.045700788497925
1.1115292310714722 1.1535207033157349 2.1906349658966064
1.1430392265319824 1.182553768157959 2.8539135456085205
1.287132978439331 1.276432752609253 1.7283570766448975
1.129928469657898 1.1515620946884155 2.934096336364746
1.243213415145874 1.259392261505127 3.125098943710327
1.124488353729248 1.1333614587783813 2.737748384475708
1.1425522565841675 1.2001217603683472 2.0904834270477295
1.1749155521392822 1.1760914325714111 2.8728604316711426
1.1139715909957886 1.159997582435608 2.4963250160217285
1.3015731573104858 1.3169244527816772 2.242952585220337
1.5806559324264526 1.5879002809524536 3.6127190589904785
1.4510332345962524 1.4638205766677856 3.390230417251587
1.228329062461853 1.2496472597122192 2.326488494873047
1.1571539640426636 1.1662425994873047 2.3536734580993652
1.1616026163101196 1.1985911130905151 3.1360557079315186
1.317095398902893 1.32476806640625 3.015134334564209
1.2721246480941772 1.2777636051177979 2.135998010635376
1.2918027639389038 1.3094342947006226 2.5924224853515625
1.3716742992401123 1.3681541681289673 2.3217594623565674
1.182464599609375 1.1762014627456665 2.252561330795288
1.2467365264892578 1.255436658859253 2.620328187942505
1.2223320007324219 1.2293020486831665 1.8274668455123901
1.028820276260376 1.0625557899475098 3.2376956939697266
1.2951581478118896 1.294886589050293 3.309918165206909
1.4021040201187134 1.4139434099197388 3.4883041381835938
1.1823481321334839 1.1761212348937988 2.2832813262939453
1.1268746852874756 1.1586006879806519 2.738551616668701
1.1372077465057373 1.1539437770843506 2.7516303062438965
1.1307014226913452 1.1676963567733765 2.893162488937378
1.1936396360397339 1.2160089015960693 3.0081636905670166
0.9989467263221741 1.0643287897109985 3.1774160861968994
1.3720890283584595 1.3865047693252563 2.966724395751953
1.213059663772583 1.2491575479507446 2.808115005493164
