nohup: ignoring input
Model Name: CNN
Dataset: Reduced
Training Method: L1 Reg+Early Stopping
Batch Normalization: No

Model: "sequential"
_________________________________________________________________
 Layer (type)                Output Shape              Param #   
=================================================================
 conv1d (Conv1D)             (None, 5, 85)             340       
                                                                 
 leaky_re_lu (LeakyReLU)     (None, 5, 85)             0         
                                                                 
 gru (GRU)                   (None, 5, 100)            56100     
                                                                 
 leaky_re_lu_1 (LeakyReLU)   (None, 5, 100)            0         
                                                                 
 dense (Dense)               (None, 5, 50)             5050      
                                                                 
 leaky_re_lu_2 (LeakyReLU)   (None, 5, 50)             0         
                                                                 
 dense_1 (Dense)             (None, 5, 25)             1275      
                                                                 
 leaky_re_lu_3 (LeakyReLU)   (None, 5, 25)             0         
                                                                 
 dense_2 (Dense)             (None, 5, 10)             260       
                                                                 
 leaky_re_lu_4 (LeakyReLU)   (None, 5, 10)             0         
                                                                 
 dense_3 (Dense)             (None, 5, 1)              11        
                                                                 
=================================================================
Total params: 63,036
Trainable params: 63,036
Non-trainable params: 0
_________________________________________________________________
None

2.224799394607544 2.244558811187744 2.9749650955200195
2.1626079082489014 2.2062385082244873 3.0177571773529053
2.232693672180176 2.26045298576355 3.2337722778320312
2.215261459350586 2.2490737438201904 3.3536934852600098
2.2372896671295166 2.255725622177124 3.6320650577545166
2.47173810005188 2.535370349884033 4.953821659088135
1.9378873109817505 1.9699305295944214 3.4223363399505615
2.088853597640991 2.111421585083008 4.675472259521484
2.1879143714904785 2.2275009155273438 4.419806957244873
2.5236685276031494 2.5476653575897217 4.675048828125
1.8530617952346802 1.869114875793457 4.360220432281494
1.8407926559448242 1.8446131944656372 4.460143089294434
2.5457754135131836 2.5666632652282715 3.6042423248291016
2.070831775665283 2.089952230453491 3.577908754348755
2.2330517768859863 2.245798110961914 4.730750560760498
2.0627315044403076 2.0869903564453125 4.845033168792725
2.478072166442871 2.5358998775482178 3.51827073097229
2.2572903633117676 2.2851924896240234 3.7673544883728027
1.878462553024292 1.9085005521774292 3.999624729156494
1.8803077936172485 1.882930040359497 4.976749897003174
2.0732760429382324 2.1166718006134033 3.5060596466064453
2.215576648712158 2.2356197834014893 3.5769827365875244
2.222010850906372 2.263772964477539 3.21903133392334
2.165226459503174 2.190833330154419 5.441572189331055
2.0959644317626953 2.1064085960388184 3.281749963760376
2.189202308654785 2.2245092391967773 4.412400722503662
1.9403424263000488 1.962164282798767 4.869381904602051
1.98539137840271 1.9982887506484985 4.715603828430176
1.990380048751831 2.022775173187256 4.359091758728027
2.254774808883667 2.307389974594116 3.8069581985473633
2.231564521789551 2.2666399478912354 3.208157539367676
1.9040708541870117 1.9090129137039185 5.150806903839111
2.0730929374694824 2.118953227996826 4.4595561027526855
2.336400270462036 2.378479480743408 4.182769298553467
2.1635398864746094 2.1959095001220703 3.3120644092559814
2.338578462600708 2.3367600440979004 2.8769516944885254
2.043555974960327 2.0657196044921875 4.537886142730713
2.3251142501831055 2.3633015155792236 4.468226909637451
2.2188777923583984 2.253399133682251 4.170485019683838
2.145157814025879 2.170802354812622 3.084747076034546
2.397101402282715 2.453693151473999 3.297400951385498
2.3111088275909424 2.3488619327545166 4.177069187164307
2.105416774749756 2.1391561031341553 4.222870826721191
2.0184378623962402 2.044581890106201 4.396829605102539
2.469393730163574 2.5096468925476074 3.968959093093872
2.9938230514526367 3.016385555267334 3.6145639419555664
2.259847402572632 2.2925009727478027 4.034788608551025
2.4086992740631104 2.419355869293213 3.5227129459381104
1.998560905456543 2.0189106464385986 4.22909688949585
2.0782053470611572 2.0909335613250732 3.468064785003662
